2024-03-01 09:56:06 wlp0s20f3  IEEE 802.11  ESSID:"Verizon-MiFi8800L-8B3A"  
2024-03-01 09:56:06           Mode:Managed  Frequency:2.462 GHz  Access Point: 18:EE:86:08:8B:3A   
2024-03-01 09:56:06           Bit Rate=72.2 Mb/s   Tx-Power=22 dBm   
2024-03-01 09:56:06           Retry short limit:7   RTS thr:off   Fragment thr:off
2024-03-01 09:56:06           Power Management:on
2024-03-01 09:56:06           Link Quality=65/70  Signal level=-45 dBm  
2024-03-01 09:56:06           Rx invalid nwid:0  Rx invalid crypt:0  Rx invalid frag:0
2024-03-01 09:56:06           Tx excessive retries:0  Invalid misc:65   Missed beacon:0
2024-03-01 09:56:06 
2024-03-01 09:56:07 wlp0s20f3  IEEE 802.11  ESSID:"Verizon-MiFi8800L-8B3A"  
2024-03-01 09:56:07           Mode:Managed  Frequency:2.462 GHz  Access Point: 18:EE:86:08:8B:3A   
2024-03-01 09:56:07           Bit Rate=72.2 Mb/s   Tx-Power=22 dBm   
2024-03-01 09:56:07           Retry short limit:7   RTS thr:off   Fragment thr:off
2024-03-01 09:56:07           Power Management:on
2024-03-01 09:56:07           Link Quality=64/70  Signal level=-46 dBm  
2024-03-01 09:56:07           Rx invalid nwid:0  Rx invalid crypt:0  Rx invalid frag:0
2024-03-01 09:56:07           Tx excessive retries:0  Invalid misc:65   Missed beacon:0
2024-03-01 09:56:07 
2024-03-01 09:56:08 wlp0s20f3  IEEE 802.11  ESSID:"Verizon-MiFi8800L-8B3A"  
2024-03-01 09:56:08           Mode:Managed  Frequency:2.462 GHz  Access Point: 18:EE:86:08:8B:3A   
2024-03-01 09:56:08           Bit Rate=72.2 Mb/s   Tx-Power=22 dBm   
2024-03-01 09:56:08           Retry short limit:7   RTS thr:off   Fragment thr:off
2024-03-01 09:56:08           Power Management:on
2024-03-01 09:56:08           Link Quality=63/70  Signal level=-47 dBm  
2024-03-01 09:56:08           Rx invalid nwid:0  Rx invalid crypt:0  Rx invalid frag:0
2024-03-01 09:56:08           Tx excessive retries:0  Invalid misc:65   Missed beacon:0
2024-03-01 09:56:08 
2024-03-01 09:56:09 wlp0s20f3  IEEE 802.11  ESSID:"Verizon-MiFi8800L-8B3A"  
2024-03-01 09:56:09           Mode:Managed  Frequency:2.462 GHz  Access Point: 18:EE:86:08:8B:3A   
2024-03-01 09:56:09           Bit Rate=72.2 Mb/s   Tx-Power=22 dBm   
2024-03-01 09:56:09           Retry short limit:7   RTS thr:off   Fragment thr:off
2024-03-01 09:56:09           Power Management:on
2024-03-01 09:56:09           Link Quality=64/70  Signal level=-46 dBm  
2024-03-01 09:56:09           Rx invalid nwid:0  Rx invalid crypt:0  Rx invalid frag:0
2024-03-01 09:56:09           Tx excessive retries:0  Invalid misc:65   Missed beacon:0
2024-03-01 09:56:09 
2024-03-01 09:56:10 wlp0s20f3  IEEE 802.11  ESSID:"Verizon-MiFi8800L-8B3A"  
2024-03-01 09:56:10           Mode:Managed  Frequency:2.462 GHz  Access Point: 18:EE:86:08:8B:3A   
2024-03-01 09:56:10           Bit Rate=72.2 Mb/s   Tx-Power=22 dBm   
2024-03-01 09:56:10           Retry short limit:7   RTS thr:off   Fragment thr:off
2024-03-01 09:56:10           Power Management:on
2024-03-01 09:56:10           Link Quality=64/70  Signal level=-46 dBm  
2024-03-01 09:56:10           Rx invalid nwid:0  Rx invalid crypt:0  Rx invalid frag:0
2024-03-01 09:56:10           Tx excessive retries:0  Invalid misc:65   Missed beacon:0
2024-03-01 09:56:10 
2024-03-01 09:56:11 wlp0s20f3  IEEE 802.11  ESSID:"Verizon-MiFi8800L-8B3A"  
2024-03-01 09:56:11           Mode:Managed  Frequency:2.462 GHz  Access Point: 18:EE:86:08:8B:3A   
2024-03-01 09:56:11           Bit Rate=72.2 Mb/s   Tx-Power=22 dBm   
2024-03-01 09:56:11           Retry short limit:7   RTS thr:off   Fragment thr:off
2024-03-01 09:56:11           Power Management:on
2024-03-01 09:56:11           Link Quality=63/70  Signal level=-47 dBm  
2024-03-01 09:56:11           Rx invalid nwid:0  Rx invalid crypt:0  Rx invalid frag:0
2024-03-01 09:56:11           Tx excessive retries:0  Invalid misc:65   Missed beacon:0
2024-03-01 09:56:11 
2024-03-01 09:56:12 wlp0s20f3  IEEE 802.11  ESSID:"Verizon-MiFi8800L-8B3A"  
2024-03-01 09:56:12           Mode:Managed  Frequency:2.462 GHz  Access Point: 18:EE:86:08:8B:3A   
2024-03-01 09:56:12           Bit Rate=72.2 Mb/s   Tx-Power=22 dBm   
2024-03-01 09:56:12           Retry short limit:7   RTS thr:off   Fragment thr:off
2024-03-01 09:56:12           Power Management:on
2024-03-01 09:56:12           Link Quality=63/70  Signal level=-47 dBm  
2024-03-01 09:56:12           Rx invalid nwid:0  Rx invalid crypt:0  Rx invalid frag:0
2024-03-01 09:56:12           Tx excessive retries:0  Invalid misc:65   Missed beacon:0
2024-03-01 09:56:12 
2024-03-01 09:56:13 wlp0s20f3  IEEE 802.11  ESSID:"Verizon-MiFi8800L-8B3A"  
2024-03-01 09:56:13           Mode:Managed  Frequency:2.462 GHz  Access Point: 18:EE:86:08:8B:3A   
2024-03-01 09:56:13           Bit Rate=72.2 Mb/s   Tx-Power=22 dBm   
2024-03-01 09:56:13           Retry short limit:7   RTS thr:off   Fragment thr:off
2024-03-01 09:56:13           Power Management:on
2024-03-01 09:56:13           Link Quality=63/70  Signal level=-47 dBm  
2024-03-01 09:56:13           Rx invalid nwid:0  Rx invalid crypt:0  Rx invalid frag:0
2024-03-01 09:56:13           Tx excessive retries:0  Invalid misc:65   Missed beacon:0
2024-03-01 09:56:13 
2024-03-01 09:56:14 wlp0s20f3  IEEE 802.11  ESSID:"Verizon-MiFi8800L-8B3A"  
2024-03-01 09:56:14           Mode:Managed  Frequency:2.462 GHz  Access Point: 18:EE:86:08:8B:3A   
2024-03-01 09:56:14           Bit Rate=72.2 Mb/s   Tx-Power=22 dBm   
2024-03-01 09:56:14           Retry short limit:7   RTS thr:off   Fragment thr:off
2024-03-01 09:56:14           Power Management:on
2024-03-01 09:56:14           Link Quality=63/70  Signal level=-47 dBm  
2024-03-01 09:56:14           Rx invalid nwid:0  Rx invalid crypt:0  Rx invalid frag:0
2024-03-01 09:56:14           Tx excessive retries:0  Invalid misc:65   Missed beacon:0
2024-03-01 09:56:14 
